Environment variables:
  - Apple_PubSub_Socket_Render=/private/tmp/com.apple.launchd.RjzWSuPYt3/Render
  - HOME=/Users/alicejin
  - JAVA_ARCH=x86_64
  - JAVA_MAIN_CLASS_25857=org.sonarsource.scanner.cli.Main
  - LC_CTYPE=UTF-8
  - LOGNAME=alicejin
  - PATH=/usr/local/bin:/usr/bin:/bin:/usr/sbin:/sbin
  - PWD=/Users/alicejin/Desktop/Github/MarqueeText/MarqueeText
  - SHELL=/bin/bash
  - SHLVL=1
  - SONAR_SCANNER_HOME=/usr/local/Cellar/sonar-scanner/3.0.3.778/libexec
  - SSH_AUTH_SOCK=/private/tmp/com.apple.launchd.EjXYCt0nNe/Listeners
  - TERM=xterm-256color
  - TERM_PROGRAM=Apple_Terminal
  - TERM_PROGRAM_VERSION=388.1.1
  - TERM_SESSION_ID=3CE4CECD-8004-4C83-9CCE-CC4053AA416E
  - TMPDIR=/var/folders/cq/z5184n5n6zjbkfxq1rxjh7xw0000gq/T/
  - USER=alicejin
  - XPC_FLAGS=0x0
  - XPC_SERVICE_NAME=0
  - __CF_USER_TEXT_ENCODING=0x1F7:0x0:0x0
  - com.apple.java.jvmTask=CommandLine
System properties:
  - awt.toolkit=sun.lwawt.macosx.LWCToolkit
  - file.encoding=UTF-8
  - file.encoding.pkg=sun.io
  - file.separator=/
  - ftp.nonProxyHosts=local|*.local|169.254/16|*.169.254/16
  - gopherProxySet=false
  - http.nonProxyHosts=local|*.local|169.254/16|*.169.254/16
  - java.awt.graphicsenv=sun.awt.CGraphicsEnvironment
  - java.awt.headless=true
  - java.awt.printerjob=sun.lwawt.macosx.CPrinterJob
  - java.class.path=/usr/local/Cellar/sonar-scanner/3.0.3.778/libexec/lib/sonar-scanner-cli-3.0.3.778.jar
  - java.class.version=53.0
  - java.home=/Library/Java/JavaVirtualMachines/jdk-9.0.1.jdk/Contents/Home
  - java.io.tmpdir=/var/folders/cq/z5184n5n6zjbkfxq1rxjh7xw0000gq/T/
  - java.library.path=/Users/alicejin/Library/Java/Extensions:/Library/Java/Extensions:/Network/Library/Java/Extensions:/System/Library/Java/Extensions:/usr/lib/java:.
  - java.runtime.name=Java(TM) SE Runtime Environment
  - java.runtime.version=9.0.1+11
  - java.specification.name=Java Platform API Specification
  - java.specification.vendor=Oracle Corporation
  - java.specification.version=9
  - java.vendor=Oracle Corporation
  - java.vendor.url=http://java.oracle.com/
  - java.vendor.url.bug=http://bugreport.java.com/bugreport/
  - java.version=9.0.1
  - java.vm.compressedOopsMode=Zero based
  - java.vm.info=mixed mode
  - java.vm.name=Java HotSpot(TM) 64-Bit Server VM
  - java.vm.specification.name=Java Virtual Machine Specification
  - java.vm.specification.vendor=Oracle Corporation
  - java.vm.specification.version=9
  - java.vm.vendor=Oracle Corporation
  - java.vm.version=9.0.1+11
  - jdk.debug=release
  - line.separator=

  - os.arch=x86_64
  - os.name=Mac OS X
  - os.version=10.12.6
  - path.separator=:
  - project.home=/Users/alicejin/Desktop/Github/MarqueeText/MarqueeText
  - scanner.home=/usr/local/Cellar/sonar-scanner/3.0.3.778/libexec
  - socksNonProxyHosts=local|*.local|169.254/16|*.169.254/16
  - sun.arch.data.model=64
  - sun.boot.library.path=/Library/Java/JavaVirtualMachines/jdk-9.0.1.jdk/Contents/Home/lib
  - sun.cpu.endian=little
  - sun.cpu.isalist=
  - sun.io.unicode.encoding=UnicodeBig
  - sun.java.command=org.sonarsource.scanner.cli.Main -X
  - sun.java.launcher=SUN_STANDARD
  - sun.jnu.encoding=UTF-8
  - sun.management.compiler=HotSpot 64-Bit Tiered Compilers
  - sun.os.patch.level=unknown
  - user.country=HK
  - user.dir=/Users/alicejin/Desktop/Github/MarqueeText/MarqueeText
  - user.home=/Users/alicejin
  - user.language=en
  - user.name=alicejin
  - user.timezone=Asia/Hong_Kong
SonarQube plugins:
  - SonarC# 6.5.0.3766 (csharp)
  - SonarPython 1.8.0.1496 (python)
  - SonarJava 4.15.0.12310 (java)
  - Flex 2.3 (flex)
  - SonarQube :: Plugins :: SCM :: Git 1.3.0.869 (scmgit)
  - SonarXML 1.4.3.1027 (xml)
  - SonarPHP 2.11.0.2485 (php)
  - SonarTS 1.1.0.1079 (typescript)
  - SonarQube :: Plugins :: SCM :: SVN 1.6.0.860 (scmsvn)
  - SonarJS 3.2.0.5506 (javascript)
Global properties:
  - sonar.core.id=AV_YVQzYgfaf_fV8qhZH
  - sonar.core.startTime=2017-11-20T19:03:47+0800
Settings for module: MarqueeText
  - sonar.jdbc.password=******
  - sonar.jdbc.url=jdbc:mysql://localhost:3306/sonar?useUnicode=true&amp;characterEncoding=utf8
  - sonar.jdbc.username=sonar
  - sonar.language=objc
  - sonar.objectivec.appScheme=MarqueeText
  - sonar.objectivec.excludedPathsFromCoverage=.*Tests.*
  - sonar.objectivec.project=MarqueeText.xcodeproj
  - sonar.objectivec.testScheme=MarqueeText
  - sonar.projectBaseDir=/Users/alicejin/Desktop/Github/MarqueeText/MarqueeText
  - sonar.projectDescription=MarqueeText with 4 types
  - sonar.projectKey=MarqueeText
  - sonar.projectName=MarqueeText
  - sonar.projectVersion=1.0
  - sonar.sourceEncoding=UTF-8
  - sonar.sources=MarqueeText
  - sonar.tests=MarqueeText
  - sonar.verbose=true
  - sonar.working.directory=/Users/alicejin/Desktop/Github/MarqueeText/MarqueeText/.scannerwork
